(WBDC_) root@I27adfb4258006016a3:~/WBDC# /root/WBDC/.venv/bin/python /root/WBDC_/main.py

Using device: cuda

===== Epoch 1 =====
Training: 100%|████████████████████████████████████████████████████████████████████████████████████████████████| 13104/13104 [11:43<00:00, 18.64it/s]
Train done
Evaluating: 100%|████████████████████████████████████████████████████████████████████████████████████████████████| 1190/1190 [01:01<00:00, 19.21it/s]
uAUC: {'read_comment': np.float64(0.6255932078171109), 'like': np.float64(0.6110388932480654), 'click_avatar': np.float64(0.6840235466670372), 'forward': np.float64(0.6493424527885491)}
Weighted uAUC: 0.635288
lr: 0.0009000000000000001

===== Epoch 2 =====
Training: 100%|████████████████████████████████████████████████████████████████████████████████████████████████| 13104/13104 [11:34<00:00, 18.87it/s]
Train done
Evaluating: 100%|████████████████████████████████████████████████████████████████████████████████████████████████| 1190/1190 [01:03<00:00, 18.76it/s]
uAUC: {'read_comment': np.float64(0.6518770189626433), 'like': np.float64(0.631500391367473), 'click_avatar': np.float64(0.7050665743461974), 'forward': np.float64(0.654672231872195)}
Weighted uAUC: 0.656681
lr: 0.0008100000000000001

===== Epoch 3 =====
Training: 100%|████████████████████████████████████████████████████████████████████████████████████████████████| 13104/13104 [11:36<00:00, 18.83it/s]
Train done
Evaluating: 100%|████████████████████████████████████████████████████████████████████████████████████████████████| 1190/1190 [01:01<00:00, 19.23it/s]
uAUC: {'read_comment': np.float64(0.6724364026963701), 'like': np.float64(0.6497972332206044), 'click_avatar': np.float64(0.7246717000345851), 'forward': np.float64(0.6667014829540902)}
Weighted uAUC: 0.675518
lr: 0.000729
